Build started 2014/4/20 16:48:24.
     1>Project "C:\Users\Tianjiu Yin\Desktop\UCSB\CS\cs290b-cloud computing\Code\RichCoin\TJ\VS\mining\mining\mining.vcxproj" on node 2 (build target(s)).
     1>InitializeBuildStatus:
         Touching "Debug\mining.unsuccessfulbuild".
       ClCompile:
         D:\Program Files (x86)\Microsoft Visual Studio 10.0\VC\bin\CL.exe /c /ZI /nologo /W3 /WX- /Od /Oy- /D WIN32 /D _DEBUG /D _CONSOLE /D _UNICODE /D UNICODE /Gm /EHsc /RTC1 /MDd /GS /fp:precise /Zc:wchar_t /Zc:forScope /Fo"Debug\\" /Fd"Debug\vc100.pdb" /Gd /TC /analyze- /errorReport:prompt clique_count.c fifo.c "simple_taboo_search-6.c" simple_taboo_search.c
         simple_taboo_search.c
         simple_taboo_search-6.c
         fifo.c
     1>c:\users\tianjiu yin\desktop\ucsb\cs\cs290b-cloud computing\code\richcoin\tj\vs\mining\mining\fifo.c(240): warning C4996: 'sprintf': This function or variable may be unsafe. Consider using sprintf_s instead. To disable deprecation, use _CRT_SECURE_NO_WARNINGS. See online help for details.
                 d:\program files (x86)\microsoft visual studio 10.0\vc\include\stdio.h(371) : see declaration of 'sprintf'
     1>c:\users\tianjiu yin\desktop\ucsb\cs\cs290b-cloud computing\code\richcoin\tj\vs\mining\mining\fifo.c(340): warning C4101: 'lsize' : unreferenced local variable
         clique_count.c
         Generating Code...
       ManifestResourceCompile:
         C:\Program Files (x86)\Microsoft SDKs\Windows\v7.0A\bin\rc.exe /nologo /fo"Debug\mining.exe.embed.manifest.res" Debug\mining_manifest.rc 
       Link:
         D:\Program Files (x86)\Microsoft Visual Studio 10.0\VC\bin\link.exe /ERRORREPORT:PROMPT /OUT:"C:\Users\Tianjiu Yin\Desktop\UCSB\CS\cs290b-cloud computing\Code\RichCoin\TJ\VS\mining\Debug\mining.exe" /INCREMENTAL /NOLOGO kernel32.lib user32.lib gdi32.lib winspool.lib comdlg32.lib advapi32.lib shell32.lib ole32.lib oleaut32.lib uuid.lib odbc32.lib odbccp32.lib /MANIFEST /ManifestFile:"Debug\mining.exe.intermediate.manifest" /MANIFESTUAC:"level='asInvoker' uiAccess='false'" /DEBUG /PDB:"C:\Users\Tianjiu Yin\Desktop\UCSB\CS\cs290b-cloud computing\Code\RichCoin\TJ\VS\mining\Debug\mining.pdb" /SUBSYSTEM:CONSOLE /TLBID:1 /DYNAMICBASE /NXCOMPAT /IMPLIB:"C:\Users\Tianjiu Yin\Desktop\UCSB\CS\cs290b-cloud computing\Code\RichCoin\TJ\VS\mining\Debug\mining.lib" /MACHINE:X86 Debug\mining.exe.embed.manifest.res
         Debug\clique_count.obj
         Debug\dllist.obj
         Debug\fifo.obj
         Debug\jrb.obj
         Debug\jval.obj
         "Debug\simple_taboo_search-6.obj"
         Debug\simple_taboo_search.obj
     1>simple_taboo_search-6.obj : error LNK2005: _CliqueCount already defined in clique_count.obj
     1>simple_taboo_search.obj : error LNK2005: _PrintGraph already defined in simple_taboo_search-6.obj
     1>simple_taboo_search.obj : error LNK2005: _CopyGraph already defined in simple_taboo_search-6.obj
     1>simple_taboo_search.obj : error LNK2005: _CliqueCount already defined in clique_count.obj
     1>simple_taboo_search.obj : error LNK2005: _main already defined in simple_taboo_search-6.obj
     1>C:\Users\Tianjiu Yin\Desktop\UCSB\CS\cs290b-cloud computing\Code\RichCoin\TJ\VS\mining\Debug\mining.exe : fatal error LNK1169: one or more multiply defined symbols found
     1>Done Building Project "C:\Users\Tianjiu Yin\Desktop\UCSB\CS\cs290b-cloud computing\Code\RichCoin\TJ\VS\mining\mining\mining.vcxproj" (build target(s)) -- FAILED.

Build FAILED.

Time Elapsed 00:00:01.67
